{
 "service_name": "travis-ci",
 "service_job_id": "101888898",
 "source_files": [
  {
   "name": "libressl-2.3.1/tls/tls.c",
   "source_digest": "0xf83f9a66",
   "coverage": [null,null,null,null,null,null,null,null,null,null,null,null,null,null,null,null,null,null,null,null,null,null,null,null,null,null,null,null,null,null,null,null,null,null,null,null,null,1,null,null,1,0,null,1,1,null,1,0,null,1,null,1,1,null,null,null,1,1,1,null,null,null,1,1,1,null,1,1,null,1,0,0,null,null,1,1,1,null,null,1,0,0,null,1,null,null,1,null,1,1,null,null,null,1,null,null,null,1,null,1,1,null,null,1,1,null,null,null,1,null,null,null,1,1,null,null,1,1,null,null,null,1,null,null,1,0,null,1,null,1,null,1,1,null,null,null,1,1,0,null,1,null,1,1,null,1,1,null,null,null,1,1,1,1,null,1,1,1,1,1,1,null,1,0,0,0,null,null,0,0,0,0,null,0,null,1,0,0,0,null,null,0,0,0,0,null,0,null,0,0,null,0,0,0,null,0,0,0,0,null,null,1,1,1,0,0,null,null,1,1,1,0,0,null,null,null,1,0,0,null,null,1,null,null,0,0,0,null,0,1,null,null,null,1,1,1,null,1,1,null,1,1,1,null,1,1,1,1,1,0,null,1,1,1,1,1,null,null,null,1,0,null,null,null,1,null,null,1,1,null,null,null,1,1,null,1,null,1,0,0,null,1,1,1,1,null,1,1,1,1,null,1,1,1,null,1,null,null,1,1,null,null,null,1,1,0,1,1,1,null,null,null,1,1,1,1,null,1,1,1,null,1,1,null,1,1,null,1,1,1,null,1,1,1,1,null,null,null,1,1,null,null,null,1,1,null,null,0,null,null,0,null,null,0,null,null,1,0,1,0,0,1,1,null,1,1,null,null,1,1,null,1,1,null,null,null,null,null,0,0,null,1,null,null,null,1,1,null,1,0,0,null,null,1,1,0,null,1,1,1,1,null,1,1,1,0,null,null,null,1,1,1,null,null,null,1,1,null,null,1,1,0,null,null,1,0,0,null,null,1,1,1,1,null,0,null,null,null,1,1,1,null,null,null,1,1,null,null,1,1,0,null,null,1,0,0,null,null,1,1,1,1,null,0,null,null,null,1,1,1,null,null,null,1,null,1,null,1,0,0,0,null,null,1,1,1,1,1,null,1,null,null,null,null,1,1,1,1,0,0,null,null,1,0,0,0,null,null,1,null,null,1,0,0,null,null,null,null,1,1,1]
  },
  {
   "name": "libressl-2.3.1/tls/tls_util.c",
   "source_digest": "0xba62723d",
   "coverage": [null,null,null,null,null,null,null,null,null,null,null,null,null,null,null,null,null,null,null,null,null,null,null,null,null,null,null,null,null,null,null,null,null,null,null,null,null,1,null,1,null,1,1,null,1,0,null,1,null,null,1,0,0,0,0,null,null,null,1,1,null,null,1,0,null,1,null,1,0,1,0,null,1,1,null,null,0,0,0,0,0,null,null,1,null,1,1,null,null,null,0,null,0,0,0,null,0,0,0,0,null,null,null,0,null,0,0,0,null,null,0,null,0,null,0,0,null,null,0,0,0,0,0,0,0,0,0,0,null,null,null,0,0,0,null,0,0,0,0,null,null,0,0,0,0,0,0,0,0,0,null,0,0,null,null,0,0,null,null,0,0,0,0,0,0,0,null,0,0]
  },
  {
   "name": "tls/src/raw.rs",
   "source_digest": "0x4bb28317",
   "coverage": [null,1,null,null,null,null,null,null,null,null,null,null,null,null,null,null,null,null,0,null,0,0,null,null,null,null,1,1,1,null,1,1,1,null,null,1,1,1,1,null,1,1,null,1,null,null,null,0,0,0,null,null,0,0,0,null,null,null,1,1,0,1,null,0,null,null,null,null,null,null,null,null,null,null,null,1,1,1,0,null,1,null,1,null,1,null,1,1,1,1,null,null,0,null,1,1,null,1,1,null,1,null,null,0,null,1,1,1,1,null,null,0,null,1,1,1,1,1,1,1,1,1,1,1,null,1,1,1,1,null,null,0,null,1,1,null,1,1,1,1,null,null,0,null,1,1,1,null,1,1,1,null,1,1,null,1,1,null,1,1,1,1,null,null,0,null,1,null,null,null,1,null,1,null,1,null,null,null,null,null,null,null,null,null,null,null,null,1,1,1,0,null,null,1,null,null,null,1,null,1,1,1,null,1,1,null,null,null,1,1,null,null,1,null,null,null,null,null,null,null,1,null,1,null,1,1,1,null,1,1,null,null,null,1,null,1,1,null,1,null,null,null,null,null,null,null,null,null,null,null,null,null,null,1,1,1,1,1,1,null,null,null,null,null,1,1,1,1,1,null,1,1,1,1,null,1,null,1,null,1,1,1,1,null,1,null,1,null,1,1,1,null,1,1,1,null,1,1,1,null,1,null,1,1,1,1,1,null,1,1,1,1,null,1,1,null,0,0,0,null,null,null,0,0,0,null,null,1,1,1,1,null,null,1,null,1,null,null,null,null,null,1,1,1,1,null,1,1,1,1,null,1,1,1,1,1,1,null,1,1,1,1,1,1,null,null,1,1,1,0,null,null,1,null,null,null,1,null,null,null,1,1,1,1,1,null,1,null,null,null,null,null,null,null,null,null,null,null,null,null,null,null,null,null,null,null,null,null,null,null,null,null,1,null,1,null,1,null,null,null,null,1,null,null,1,1,1,1,1,1]
  },
  {
   "name": "tls/src/util.rs",
   "source_digest": "0x9c5a0a29",
   "coverage": [null,null,null,null,null,null,null,null,null,null,null,null,null,null,null,null,null,null,null,null,1,null,1,null,1,1,null,1,1,null,null,1,null,null,null,1,1,1,1,1,null,1]
  },
  {
   "name": "libressl-2.3.1/tls/tls_client.c",
   "source_digest": "0x2b0eac41",
   "coverage": [null,null,null,null,null,null,null,null,null,null,null,null,null,null,null,null,null,null,null,null,null,null,null,null,null,null,null,null,null,null,null,null,null,null,null,1,null,null,1,0,null,1,null,1,1,null,null,null,0,0,0,null,null,null,null,1,null,1,1,1,null,1,0,0,null,null,1,0,0,null,null,null,null,null,null,1,1,1,0,0,null,1,1,1,null,null,null,1,1,null,null,null,null,null,null,null,null,null,null,1,1,null,null,1,1,1,null,1,1,null,1,1,1,0,0,null,null,null,null,null,1,1,1,1,0,0,null,1,1,1,1,1,null,null,1,null,1,null,1,1,null,1,1,null,1,1,1,null,null,1,null,1,null,null,1,1,null,1,1,null,null,null,1,1,1,null,null,null,null,1,null,1,null,1,0,0,null,null,1,0,0,null,null,1,1,0,0,null,null,null,1,0,0,null,null,1,1,1,0,null,1,1,0,0,null,null,null,1,1,1,null,1,0,0,null,1,0,0,null,1,1,0,0,null,null,null,null,null,null,1,1,1,1,0,0,null,null,null,1,null,null,1,1,null,null,null,1,1,null,1,null,1,0,0,null,null,1,1,1,1,null,null,1,1,1,0,0,null,1,1,0,0,0,0,null,null,null,1,1,null,null,1,null,1,1]
  },
  {
   "name": "libressl-2.3.1/tls/tls_config.c",
   "source_digest": "0xc3f4d924",
   "coverage": [null,null,null,null,null,null,null,null,null,null,null,null,null,null,null,null,null,null,null,null,null,null,null,null,null,null,1,1,1,1,1,0,1,1,null,null,null,1,null,null,1,0,1,1,1,null,null,null,1,1,1,1,1,1,0,1,1,1,null,null,null,1,null,null,1,0,null,null,null,null,1,0,1,0,1,0,1,0,null,1,1,null,1,null,1,null,1,null,null,0,0,1,null,null,null,1,1,0,null,1,null,1,1,1,1,1,1,1,null,1,1,null,null,null,1,1,1,1,1,null,null,null,1,1,null,null,null,1,0,null,1,1,1,0,null,1,1,0,0,null,null,1,0,null,1,1,1,1,1,1,1,1,1,1,1,1,1,1,1,null,1,1,1,null,null,1,0,null,1,null,null,1,null,1,null,1,1,null,null,null,1,1,1,null,null,null,1,1,1,null,null,null,1,1,1,null,null,null,1,1,1,null,null,null,null,1,1,1,null,null,null,1,1,1,1,1,1,1,0,null,1,1,null,null,null,1,null,null,1,1,0,0,0,0,null,0,null,1,null,1,1,null,null,null,1,null,null,1,0,1,1,0,0,null,1,null,1,1,null,null,null,1,1,1,null,null,null,null,1,1,0,1,1,null,null,null,1,1,1,null,null,null,1,1,1,null,null,null,0,0,0,null,null,null,1,1,1,null,null,null,1,1,1,null,null,null,1,1,1,null,null,null,0,0,0,null,null,null,1,1,1,1,1,null,null,null,0,0,0,null,null,null,0,0,0]
  },
  {
   "name": "libressl-2.3.1/tls/tls_peer.c",
   "source_digest": "0xeb416c7e",
   "coverage": [null,null,null,null,null,null,null,null,null,null,null,null,null,null,null,null,null,null,null,null,null,null,null,null,null,null,null,1,1,0,1,1,null,null,1,1,0,1,1,null,null,null,1,1,0,1,1,null,null,null,1,1,1,null,null,null,1,1,1,null,1,1,null,null,null,1,1,1,1,0,1,1,null,null,null,1,1,1,1,0,1,1,null]
  },
  {
   "name": "libressl-2.3.1/tls/tls_conninfo.c",
   "source_digest": "0xf9c7c6b3",
   "coverage": [null,null,null,null,null,null,null,null,null,null,null,null,null,null,null,null,null,null,null,null,null,null,null,null,null,null,null,null,1,null,null,null,null,1,0,null,1,0,1,0,null,1,1,1,1,1,null,1,null,1,0,null,1,1,null,null,null,1,1,1,null,1,1,0,null,1,0,0,null,null,1,0,0,null,null,1,0,0,0,null,null,1,null,null,1,null,1,1,null,null,null,1,1,null,1,1,0,1,0,1,1,0,1,1,null,null,null,1,1,null,1,1,0,1,0,1,1,0,1,1,null,null,null,1,null,null,1,null,1,1,null,1,1,0,1,0,1,null,0,1,null,0,1,0,1,0,null,1,null,1,1,null,null,1,null,1,1,0,1,null,0,1,0,1,1,0,null,1,0,1,1,0,1,0,1,1,0,1,null,0,0,1,null,null,1,1,1,1,1,1,1,1,1,1,1,1,null,1,null,null,null,1,1,1,0,1,null,null,null,1,1,1,0,1]
  },
  {
   "name": "tls/src/lib.rs",
   "source_digest": "0x25d90c90",
   "coverage": [null,1,null,null,null,null,null,null,null,null,null,null,null,null,null,null,null,null,null,null,null,null,null,null,null,null,null,null,null,null,null,null,null,null,null,null,null,null,null,null,null,null,null,null,null,null,null,null,null,null,null,null,null,null,null,null,null,null,null,null,null,null,null,null,null,null,1,1,0,null,1,1,null,1,1,null,1,1,0,null,1,1,null,1,1,null,1,1,0,null,1,1,null,1,1,1,1,0,null,1,1,null,1,1,null,null,null,null,null,null,null,null,null,1,1,0,null,1,1,null,1,1,null,1,1,0,null,1,1,null,1,1,null,1,1,0,null,1,1,null,1,1,null,null,1,1,null,null,1,null,1,1,1,1,null,null,null,null,null,null,null,null,null,1,1,1,1,1,null,null,null,1,1,1,1,null,null,null,null,null,null,null,null,null,null,null,null,1,1,null,null,null,null,null,null,null,null,null,null,null,null,null,1,null,null,null,null,null,null,null,null,null,null,null,1,1,1,null,null,1,1,1,0,null,1,null,null,null,1,null,null,null,null,null,null,null,null,null,null,1,1,1,1,1,1,1,1,1,1,1,1,null,null,null,null,null,null,null,null,null,1,1,1,0,1,null,null,null,1,1,1,0,1,null,null,null,null,null,null,1,1,1,null,null,null,null,null,null,null,null,1,1,0,null,1,1,null,1,1,1,1,0,null,1,1,null,1,1,null,null,1,1,null,null,1,null,1,1,1,1,1,1,1,1,null,null,null,1,1,null,null,null,null,null,null,null,null,null,null,null,null,null,1,null,null,null,null,null,null,null,null,null,1,1,1,null,null,null,null,null,null,null,null,null,null,null,1,1,null,null,1,1,1,1,1,1,1,1,null,null,1,1,null,null,1,1,null,1,null,null,null,null,1,1,null,null,null,null,null,1]
  },
  {
   "name": "libressl-2.3.1/tls/tls_verify.c",
   "source_digest": "0xeb407238",
   "coverage": [null,null,null,null,null,null,null,null,null,null,null,null,null,null,null,null,null,null,null,null,null,null,null,null,null,null,null,null,null,null,null,null,null,null,null,1,null,null,1,1,null,null,1,null,null,null,null,null,null,null,null,1,null,1,0,null,1,0,null,1,0,1,null,1,0,null,1,0,null,1,null,null,1,0,null,1,0,null,1,0,null,null,1,1,null,null,null,null,1,1,null,null,null,1,null,1,null,1,0,null,1,0,0,1,0,0,null,1,1,null,null,1,1,null,null,1,null,1,0,null,1,null,null,null,1,1,1,1,null,1,0,null,null,null,null,0,0,null,null,null,null,null,null,null,1,0,null,null,null,0,0,null,null,1,1,1,null,null,null,null,null,null,null,null,null,0,null,null,null,0,0,null,0,0,null,null,0,0,null,null,null,null,null,null,0,0,0,0,null,null,null,null,1,1,1,null,null,null,0,null,0,null,null,0,null,0,0,0,null,0,null,0,0,null,0,0,0,null,0,null,null,null,0,0,null,null,0,0,null,null,0,0,null,null,null,null,0,0,null,0,0,null,null,0,0,null,0,0,0,null,null,null,1,null,null,1,1,1,null,0,1]
  },
  {
   "name": "libressl-2.3.1/tls/tls_server.c",
   "source_digest": "0x5ff03c00",
   "coverage": [null,null,null,null,null,null,null,null,null,null,null,null,null,null,null,null,null,null,null,null,null,null,null,null,null,null,1,null,null,1,0,null,1,null,1,1,null,null,null,1,null,null,1,0,null,1,null,1,1,null,null,null,1,null,null,null,1,0,0,null,null,1,0,1,0,1,0,0,0,0,0,null,null,1,0,1,0,null,1,1,0,0,0,0,0,null,0,0,0,null,null,1,1,null,null,null,null,null,null,null,1,1,0,0,null,null,1,null,null,0,1,null,null,null,1,1,1,null,null,null,1,1,null,1,0,0,null,null,1,0,0,null,null,1,0,0,null,1,0,0,null,1,1,0,0,null,null,1,null,1,null,null,0,null,0,null,0,1,null,null,null,1,null,1,null,1,0,0,null,null,1,1,0,0,null,null,1,1,null,null,1,1]
  }
 ]
}
